20250530212125 [ERROR] OSDManager: 显示OSD失败: This local variable has not been assigned a value.
A global declaration inside the function may be required.
20250530212126 [ERROR] OSDManager: 显示OSD失败: This local variable has not been assigned a value.
A global declaration inside the function may be required.
20250530212127 [ERROR] OSDManager: 显示OSD失败: This local variable has not been assigned a value.
A global declaration inside the function may be required.
20250530212134 [ERROR] OSDManager: 显示OSD失败: This local variable has not been assigned a value.
A global declaration inside the function may be required.
20250530212135 [ERROR] OSDManager: 显示OSD失败: This local variable has not been assigned a value.
A global declaration inside the function may be required.
20250530212136 [ERROR] OSDManager: 显示OSD失败: This local variable has not been assigned a value.
A global declaration inside the function may be required.
20250530212136 [ERROR] OSDManager: 显示OSD失败: This local variable has not been assigned a value.
A global declaration inside the function may be required.
20250530212139 [ERROR] OSDManager: 显示OSD失败: This local variable has not been assigned a value.
A global declaration inside the function may be required.
20250530212151 [ERROR] OSDManager: 显示OSD失败: This local variable has not been assigned a value.
A global declaration inside the function may be required.
20250530212152 [ERROR] OSDManager: 显示OSD失败: This local variable has not been assigned a value.
A global declaration inside the function may be required.
20250530212153 [ERROR] OSDManager: 显示OSD失败: This local variable has not been assigned a value.
A global declaration inside the function may be required.
20250530212156 [ERROR] OSDManager: 显示OSD失败: This local variable has not been assigned a value.
A global declaration inside the function may be required.
20250530212207 [ERROR] OSDManager: 显示OSD失败: This local variable has not been assigned a value.
A global declaration inside the function may be required.
20250530212212 [ERROR] OSDManager: 显示OSD失败: This local variable has not been assigned a value.
A global declaration inside the function may be required.
20250530212247 [ERROR] OSDManager: 显示OSD失败: This local variable has not been assigned a value.
A global declaration inside the function may be required.
20250530212352 [ERROR] OSDManager: 显示OSD失败: This local variable has not been assigned a value.
A global declaration inside the function may be required.
20250530212354 [ERROR] OSDManager: 显示OSD失败: This local variable has not been assigned a value.
A global declaration inside the function may be required.
20250530212400 [ERROR] OSDManager: 显示OSD失败: This local variable has not been assigned a value.
A global declaration inside the function may be required.
20250530212402 [ERROR] OSDManager: 显示OSD失败: This local variable has not been assigned a value.
A global declaration inside the function may be required.
20250530212403 [ERROR] OSDManager: 显示OSD失败: This local variable has not been assigned a value.
A global declaration inside the function may be required.
20250530212404 [ERROR] OSDManager: 显示OSD失败: This local variable has not been assigned a value.
A global declaration inside the function may be required.
20250530212514 [ERROR] OSDManager: 显示OSD失败: This local variable has not been assigned a value.
A global declaration inside the function may be required.
20250530212516 [ERROR] OSDManager: 显示OSD失败: This local variable has not been assigned a value.
A global declaration inside the function may be required.
20250530212539 [ERROR] OSDManager: 显示OSD失败: This local variable has not been assigned a value.
A global declaration inside the function may be required.
20250530212540 [ERROR] OSDManager: 显示OSD失败: This local variable has not been assigned a value.
A global declaration inside the function may be required.
20250530212629 [ERROR] OSDManager: 显示OSD失败: This local variable has not been assigned a value.
A global declaration inside the function may be required.
20250530212629 [ERROR] OSDManager: 显示OSD失败: This local variable has not been assigned a value.
A global declaration inside the function may be required.
20250530212637 [ERROR] OSDManager: 显示OSD失败: This local variable has not been assigned a value.
A global declaration inside the function may be required.
20250530212637 [ERROR] OSDManager: 显示OSD失败: This local variable has not been assigned a value.
A global declaration inside the function may be required.
20250530212639 [ERROR] OSDManager: 显示OSD失败: This local variable has not been assigned a value.
A global declaration inside the function may be required.
20250530212639 [ERROR] OSDManager: 显示OSD失败: This local variable has not been assigned a value.
A global declaration inside the function may be required.
20250530212642 [ERROR] OSDManager: 显示OSD失败: This local variable has not been assigned a value.
A global declaration inside the function may be required.
20250530212646 [ERROR] OSDManager: 显示OSD失败: This local variable has not been assigned a value.
A global declaration inside the function may be required.
20250531181056 [ERROR] SunriseSunset.GetSunTimes: 获取日出日落时间失败: (0x80072EFD) 
无法与服务器建立连接

Source:	WinHttp.WinHttpRequest
20250531181056 [ERROR] SunriseSunset.CheckAndSwitchTheme: 无法获取日出日落时间
20250531215231 [ERROR] SunriseSunset.GetSunTimes: 获取日出日落时间失败: (0x80072EE7) 
无法解析服务器的名称或地址

Source:	WinHttp.WinHttpRequest
20250531215231 [ERROR] SunriseSunset.CheckAndSwitchTheme: 无法获取日出日落时间
20250601121337 [ERROR] SunriseSunset.GetSunTimes: 获取日出日落时间失败: (0x80072EE7) 
无法解析服务器的名称或地址

Source:	WinHttp.WinHttpRequest
20250601121337 [ERROR] SunriseSunset.CheckAndSwitchTheme: 无法获取日出日落时间
20250602121915 [ERROR] SunriseSunset.GetSunTimes: 获取日出日落时间失败: (0x80072EE7) 
无法解析服务器的名称或地址

Source:	WinHttp.WinHttpRequest
20250602121915 [ERROR] SunriseSunset.CheckAndSwitchTheme: 无法获取日出日落时间
20250602220954 [ERROR] SunriseSunset.GetSunTimes: 获取日出日落时间失败: (0x80072EE7) 
无法解析服务器的名称或地址

Source:	WinHttp.WinHttpRequest
20250602220954 [ERROR] SunriseSunset.CheckAndSwitchTheme: 无法获取日出日落时间
20250603093919 [ERROR] SunriseSunset.GetSunTimes: 获取日出日落时间失败: (0x80072EE7) 
无法解析服务器的名称或地址

Source:	WinHttp.WinHttpRequest
20250603093919 [ERROR] SunriseSunset.CheckAndSwitchTheme: 无法获取日出日落时间
20250603094440 [ERROR] SunriseSunset.GetSunTimes: 获取日出日落时间失败: (0x80072EE2) 
操作超时

Source:	WinHttp.WinHttpRequest
20250603094440 [ERROR] SunriseSunset.CheckAndSwitchTheme: 无法获取日出日落时间
20250603095726 [ERROR] SunriseSunset.GetSunTimes: 获取日出日落时间失败: (0x80072EE7) 
无法解析服务器的名称或地址

Source:	WinHttp.WinHttpRequest
20250603095726 [ERROR] SunriseSunset.CheckAndSwitchTheme: 无法获取日出日落时间
20250603102345 [ERROR] SunriseSunset.GetSunTimes: 获取日出日落时间失败: (0x80072EE7) 
无法解析服务器的名称或地址

Source:	WinHttp.WinHttpRequest
20250603102345 [ERROR] SunriseSunset.CheckAndSwitchTheme: 无法获取日出日落时间
20250603102917 [ERROR] SunriseSunset.GetSunTimes: 获取日出日落时间失败: (0x80072EE2) 
操作超时

Source:	WinHttp.WinHttpRequest
20250603102917 [ERROR] SunriseSunset.CheckAndSwitchTheme: 无法获取日出日落时间
20250603103417 [ERROR] SunriseSunset.GetSunTimes: 获取日出日落时间失败: (0x80072EE2) 
操作超时

Source:	WinHttp.WinHttpRequest
20250603103417 [ERROR] SunriseSunset.CheckAndSwitchTheme: 无法获取日出日落时间
20250603103917 [ERROR] SunriseSunset.GetSunTimes: 获取日出日落时间失败: (0x80072EE2) 
操作超时

Source:	WinHttp.WinHttpRequest
20250603103917 [ERROR] SunriseSunset.CheckAndSwitchTheme: 无法获取日出日落时间
20250603104417 [ERROR] SunriseSunset.GetSunTimes: 获取日出日落时间失败: (0x80072EE2) 
操作超时

Source:	WinHttp.WinHttpRequest
20250603104417 [ERROR] SunriseSunset.CheckAndSwitchTheme: 无法获取日出日落时间
20250603104901 [ERROR] SunriseSunset.GetSunTimes: 获取日出日落时间失败: (0x80072EE7) 
无法解析服务器的名称或地址

Source:	WinHttp.WinHttpRequest
20250603104901 [ERROR] SunriseSunset.CheckAndSwitchTheme: 无法获取日出日落时间
20250603111726 [ERROR] SunriseSunset.GetSunTimes: 获取日出日落时间失败: (0x80072EE7) 
无法解析服务器的名称或地址

Source:	WinHttp.WinHttpRequest
20250603111726 [ERROR] SunriseSunset.CheckAndSwitchTheme: 无法获取日出日落时间
20250603135412 [ERROR] SunriseSunset.GetSunTimes: 获取日出日落时间失败: (0x80072EE7) 
无法解析服务器的名称或地址

Source:	WinHttp.WinHttpRequest
20250603135412 [ERROR] SunriseSunset.CheckAndSwitchTheme: 无法获取日出日落时间
20250603190638 [ERROR] SunriseSunset.GetSunTimes: 获取日出日落时间失败: (0x80072EE2) 
操作超时

Source:	WinHttp.WinHttpRequest
20250603190638 [ERROR] SunriseSunset.CheckAndSwitchTheme: 无法获取日出日落时间
20250603191138 [ERROR] SunriseSunset.GetSunTimes: 获取日出日落时间失败: (0x80072EE2) 
操作超时

Source:	WinHttp.WinHttpRequest
20250603191138 [ERROR] SunriseSunset.CheckAndSwitchTheme: 无法获取日出日落时间
20250603201149 [ERROR] ToggleApp: 操作失败 - 应用: WeChat.exe 错误: Failed attempt to launch program or document:
Action: <WeChat.exe>
Params: <>
20250603201149 [ERROR] ToggleApp: 操作失败 - 应用: WeChat.exe 错误: Failed attempt to launch program or document:
Action: <WeChat.exe>
Params: <>
20250603201151 [ERROR] ToggleApp: 操作失败 - 应用: WeChat.exe 错误: Failed attempt to launch program or document:
Action: <WeChat.exe>
Params: <>
20250603201152 [ERROR] ToggleApp: 操作失败 - 应用: WeChat.exe 错误: Failed attempt to launch program or document:
Action: <WeChat.exe>
Params: <>
20250603201153 [ERROR] ToggleApp: 操作失败 - 应用: WeChat.exe 错误: Failed attempt to launch program or document:
Action: <WeChat.exe>
Params: <>
20250603201154 [ERROR] ToggleApp: 操作失败 - 应用: WeChat.exe 错误: Failed attempt to launch program or document:
Action: <WeChat.exe>
Params: <>
20250603201155 [ERROR] ToggleApp: 操作失败 - 应用: WeChat.exe 错误: Failed attempt to launch program or document:
Action: <WeChat.exe>
Params: <>
20250603201201 [ERROR] ToggleApp: 操作失败 - 应用: WeChat.exe 错误: Failed attempt to launch program or document:
Action: <WeChat.exe>
Params: <>
20250603201202 [ERROR] ToggleApp: 操作失败 - 应用: WeChat.exe 错误: Failed attempt to launch program or document:
Action: <WeChat.exe>
Params: <>
20250603201413 [ERROR] ToggleApp: 操作失败 - 应用: WeChat.exe 错误: Failed attempt to launch program or document:
Action: <WeChat.exe>
Params: <>
20250603201418 [ERROR] ToggleApp: 操作失败 - 应用: Wexin.exe 错误: Failed attempt to launch program or document:
Action: <Wexin.exe>
Params: <>
20250603201421 [ERROR] ToggleApp: 操作失败 - 应用: Wexin.exe 错误: Failed attempt to launch program or document:
Action: <Wexin.exe>
Params: <>
20250603201423 [ERROR] ToggleApp: 操作失败 - 应用: Wexin.exe 错误: Failed attempt to launch program or document:
Action: <Wexin.exe>
Params: <>
20250603201428 [ERROR] ToggleApp: 操作失败 - 应用: Wexin.exe 错误: Failed attempt to launch program or document:
Action: <Wexin.exe>
Params: <>
20250603201445 [ERROR] ToggleApp: 操作失败 - 应用: Wexin.exe 错误: Failed attempt to launch program or document:
Action: <Wexin.exe>
Params: <>
20250603201448 [ERROR] ToggleApp: 操作失败 - 应用: Wexin.exe 错误: Failed attempt to launch program or document:
Action: <Wexin.exe>
Params: <>
20250603201449 [ERROR] ToggleApp: 操作失败 - 应用: Wexin.exe 错误: Failed attempt to launch program or document:
Action: <Wexin.exe>
Params: <>
20250603201642 [ERROR] ToggleWeChatApp: 微信切换失败: Failed attempt to launch program or document:
Action: <shell:AppsFolder\TencentWeChatLimited.forWindows10_sdtnhv12zgd7a!App>
Params: <>
20250603201643 [ERROR] ToggleWeChatApp: 微信切换失败: Failed attempt to launch program or document:
Action: <shell:AppsFolder\TencentWeChatLimited.forWindows10_sdtnhv12zgd7a!App>
Params: <>
20250603201644 [ERROR] ToggleWeChatApp: 微信切换失败: Failed attempt to launch program or document:
Action: <shell:AppsFolder\TencentWeChatLimited.forWindows10_sdtnhv12zgd7a!App>
Params: <>
20250603202139 [ERROR] ToggleWeChatApp: 无法启动微信，请检查微信是否已安装
20250603202140 [ERROR] ToggleWeChatApp: 无法启动微信，请检查微信是否已安装
20250603202141 [ERROR] ToggleWeChatApp: 无法启动微信，请检查微信是否已安装
20250603202143 [ERROR] ToggleWeChatApp: 无法启动微信，请检查微信是否已安装
20250603202147 [ERROR] ToggleWeChatApp: 无法启动微信，请检查微信是否已安装
20250603202148 [ERROR] ToggleWeChatApp: 无法启动微信，请检查微信是否已安装
20250603202706 [ERROR] SunriseSunset.GetSunTimes: 获取日出日落时间失败: (0x80072EE2) 
操作超时

Source:	WinHttp.WinHttpRequest
20250603202706 [ERROR] SunriseSunset.CheckAndSwitchTheme: 无法获取日出日落时间
20250603203016 [ERROR] ToggleWeChatApp: 无法启动微信，请检查微信是否已安装
20250603203021 [ERROR] ToggleApp: 操作失败 - 应用: Weixin.exe 错误: Failed attempt to launch program or document:
Action: <Weixin.exe>
Params: <>
20250603203021 [ERROR] ToggleApp: 操作失败 - 应用: Weixin.exe 错误: Failed attempt to launch program or document:
Action: <Weixin.exe>
Params: <>
20250603203029 [ERROR] ToggleApp: 操作失败 - 应用: Weixin.exe 错误: Failed attempt to launch program or document:
Action: <Weixin.exe>
Params: <>
20250603211911 [ERROR] SunriseSunset.GetSunTimes: 获取日出日落时间失败: (0x80072EFE) 
与服务器的连接意外终止

Source:	WinHttp.WinHttpRequest
20250603211911 [ERROR] SunriseSunset.CheckAndSwitchTheme: 无法获取日出日落时间
20250604085600 [ERROR] SunriseSunset.GetSunTimes: 获取日出日落时间失败: (0x80072EE7) 
无法解析服务器的名称或地址

Source:	WinHttp.WinHttpRequest
20250604085600 [ERROR] SunriseSunset.CheckAndSwitchTheme: 无法获取日出日落时间
20250604142553 [ERROR] SunriseSunset.GetSunTimes: 获取日出日落时间失败: (0x80072EE2) 
操作超时

Source:	WinHttp.WinHttpRequest
20250604142553 [ERROR] SunriseSunset.CheckAndSwitchTheme: 无法获取日出日落时间
20250604143053 [ERROR] SunriseSunset.GetSunTimes: 获取日出日落时间失败: (0x80072EE2) 
操作超时

Source:	WinHttp.WinHttpRequest
20250604143053 [ERROR] SunriseSunset.CheckAndSwitchTheme: 无法获取日出日落时间
20250604220213 [ERROR] SunriseSunset.GetSunTimes: 获取日出日落时间失败: (0x80072EE7) 
无法解析服务器的名称或地址

Source:	WinHttp.WinHttpRequest
20250604220213 [ERROR] SunriseSunset.CheckAndSwitchTheme: 无法获取日出日落时间
20250605010713 [ERROR] SunriseSunset.GetSunTimes: 获取日出日落时间失败: (0x80072EFE) 
与服务器的连接意外终止

Source:	WinHttp.WinHttpRequest
20250605010713 [ERROR] SunriseSunset.CheckAndSwitchTheme: 无法获取日出日落时间
20250605011213 [ERROR] SunriseSunset.GetSunTimes: 获取日出日落时间失败: (0x80072EFE) 
与服务器的连接意外终止

Source:	WinHttp.WinHttpRequest
20250605011213 [ERROR] SunriseSunset.CheckAndSwitchTheme: 无法获取日出日落时间
20250605011713 [ERROR] SunriseSunset.GetSunTimes: 获取日出日落时间失败: (0x80072EFE) 
与服务器的连接意外终止

Source:	WinHttp.WinHttpRequest
20250605011713 [ERROR] SunriseSunset.CheckAndSwitchTheme: 无法获取日出日落时间
20250605012213 [ERROR] SunriseSunset.GetSunTimes: 获取日出日落时间失败: (0x80072EFE) 
与服务器的连接意外终止

Source:	WinHttp.WinHttpRequest
20250605012213 [ERROR] SunriseSunset.CheckAndSwitchTheme: 无法获取日出日落时间
20250605071006 [ERROR] SunriseSunset.GetSunTimes: 获取日出日落时间失败: (0x80072EFE) 
与服务器的连接意外终止

Source:	WinHttp.WinHttpRequest
20250605071006 [ERROR] SunriseSunset.CheckAndSwitchTheme: 无法获取日出日落时间
20250605084106 [ERROR] SunriseSunset.GetSunTimes: 获取日出日落时间失败: (0x80072EE7) 
无法解析服务器的名称或地址

Source:	WinHttp.WinHttpRequest
20250605084106 [ERROR] SunriseSunset.CheckAndSwitchTheme: 无法获取日出日落时间
20250605121703 [ERROR] SunriseSunset.GetSunTimes: 获取日出日落时间失败: (0x80072EE2) 
操作超时

Source:	WinHttp.WinHttpRequest
20250605121703 [ERROR] SunriseSunset.CheckAndSwitchTheme: 无法获取日出日落时间
20250605171127 [ERROR] SunriseSunset.GetSunTimes: 获取日出日落时间失败: (0x80072EE7) 
无法解析服务器的名称或地址

Source:	WinHttp.WinHttpRequest
20250605171127 [ERROR] SunriseSunset.CheckAndSwitchTheme: 无法获取日出日落时间
20250605222050 [ERROR] SunriseSunset.GetSunTimes: 获取日出日落时间失败: (0x80072EE2) 
操作超时

Source:	WinHttp.WinHttpRequest
20250605222050 [ERROR] SunriseSunset.CheckAndSwitchTheme: 无法获取日出日落时间
20250605233601 [ERROR] SunriseSunset.GetSunTimes: 获取日出日落时间失败: (0x80072EFE) 
与服务器的连接意外终止

Source:	WinHttp.WinHttpRequest
20250605233601 [ERROR] SunriseSunset.CheckAndSwitchTheme: 无法获取日出日落时间
20250605234101 [ERROR] SunriseSunset.GetSunTimes: 获取日出日落时间失败: (0x80072EFE) 
与服务器的连接意外终止

Source:	WinHttp.WinHttpRequest
20250605234101 [ERROR] SunriseSunset.CheckAndSwitchTheme: 无法获取日出日落时间
20250605235605 [ERROR] SunriseSunset.GetSunTimes: 获取日出日落时间失败: (0x80072EFD) 
无法与服务器建立连接

Source:	WinHttp.WinHttpRequest
20250605235605 [ERROR] SunriseSunset.CheckAndSwitchTheme: 无法获取日出日落时间
20250606140959 [ERROR] SunriseSunset.GetSunTimes: 获取日出日落时间失败: (0x80072EE7) 
无法解析服务器的名称或地址

Source:	WinHttp.WinHttpRequest
20250606140959 [ERROR] SunriseSunset.CheckAndSwitchTheme: 无法获取日出日落时间
20250606194346 [ERROR] SunriseSunset.GetSunTimes: 获取日出日落时间失败: (0x80072F78) 
服务器返回的信息无效或不可识别

Source:	WinHttp.WinHttpRequest
20250606194346 [ERROR] SunriseSunset.CheckAndSwitchTheme: 无法获取日出日落时间
20250606220420 [ERROR] SunriseSunset.GetSunTimes: 获取日出日落时间失败: (0x80072EE7) 
无法解析服务器的名称或地址

Source:	WinHttp.WinHttpRequest
20250606220420 [ERROR] SunriseSunset.CheckAndSwitchTheme: 无法获取日出日落时间
20250607085701 [ERROR] SunriseSunset.GetSunTimes: 获取日出日落时间失败: (0x80072EE7) 
无法解析服务器的名称或地址

Source:	WinHttp.WinHttpRequest
20250607085701 [ERROR] SunriseSunset.CheckAndSwitchTheme: 无法获取日出日落时间
20250607161000 [ERROR] WindowTopmost: 置顶操作失败: Target window not found.
20250607161002 [ERROR] WindowTopmost: 置顶操作失败: Target window not found.
20250607192456 [ERROR] SunriseSunset.GetSunTimes: 获取日出日落时间失败: (0x80072EE7) 
无法解析服务器的名称或地址

Source:	WinHttp.WinHttpRequest
20250607192456 [ERROR] SunriseSunset.CheckAndSwitchTheme: 无法获取日出日落时间
20250607205457 [ERROR] SunriseSunset.GetSunTimes: 获取日出日落时间失败: (0x80072F78) 
服务器返回的信息无效或不可识别

Source:	WinHttp.WinHttpRequest
20250607205457 [ERROR] SunriseSunset.CheckAndSwitchTheme: 无法获取日出日落时间
20250607221943 [ERROR] SunriseSunset.GetSunTimes: 获取日出日落时间失败: (0x80072EE7) 
无法解析服务器的名称或地址

Source:	WinHttp.WinHttpRequest
20250607221943 [ERROR] SunriseSunset.CheckAndSwitchTheme: 无法获取日出日落时间
20250608085755 [ERROR] SunriseSunset.GetSunTimes: 获取日出日落时间失败: (0x80072EFE) 
与服务器的连接意外终止

Source:	WinHttp.WinHttpRequest
20250608085755 [ERROR] SunriseSunset.CheckAndSwitchTheme: 无法获取日出日落时间
20250608102211 [ERROR] WindowTopmost: 置顶操作失败: Target window not found.
20250608102212 [ERROR] WindowTopmost: 置顶操作失败: Target window not found.
20250608104155 [ERROR] SunriseSunset.GetSunTimes: 获取日出日落时间失败: (0x80072EE2) 
操作超时

Source:	WinHttp.WinHttpRequest
20250608104155 [ERROR] SunriseSunset.CheckAndSwitchTheme: 无法获取日出日落时间
20250608210224 [ERROR] SunriseSunset.GetSunTimes: 获取日出日落时间失败: (0x80072EFE) 
与服务器的连接意外终止

Source:	WinHttp.WinHttpRequest
20250608210224 [ERROR] SunriseSunset.CheckAndSwitchTheme: 无法获取日出日落时间
20250608211235 [ERROR] SunriseSunset.GetSunTimes: 获取日出日落时间失败: (0x80072EFD) 
无法与服务器建立连接

Source:	WinHttp.WinHttpRequest
20250608211235 [ERROR] SunriseSunset.CheckAndSwitchTheme: 无法获取日出日落时间
20250609090317 [ERROR] SunriseSunset.GetSunTimes: 获取日出日落时间失败: (0x80072EE7) 
无法解析服务器的名称或地址

Source:	WinHttp.WinHttpRequest
20250609090317 [ERROR] SunriseSunset.CheckAndSwitchTheme: 无法获取日出日落时间
20250609094120 [ERROR] SunriseSunset.GetSunTimes: 获取日出日落时间失败: (0x80072EFE) 
与服务器的连接意外终止

Source:	WinHttp.WinHttpRequest
20250609094120 [ERROR] SunriseSunset.CheckAndSwitchTheme: 无法获取日出日落时间
20250609185708 [ERROR] SunriseSunset.GetSunTimes: 获取日出日落时间失败: (0x80072F78) 
服务器返回的信息无效或不可识别

Source:	WinHttp.WinHttpRequest
20250609185708 [ERROR] SunriseSunset.CheckAndSwitchTheme: 无法获取日出日落时间
20250609204929 [ERROR] SunriseSunset.GetSunTimes: 获取日出日落时间失败: (0x80072EE7) 
无法解析服务器的名称或地址

Source:	WinHttp.WinHttpRequest
20250609204929 [ERROR] SunriseSunset.CheckAndSwitchTheme: 无法获取日出日落时间
20250610091730 [ERROR] SunriseSunset.GetSunTimes: 获取日出日落时间失败: (0x80072EFE) 
与服务器的连接意外终止

Source:	WinHttp.WinHttpRequest
20250610091730 [ERROR] SunriseSunset.CheckAndSwitchTheme: 无法获取日出日落时间
20250610094900 [ERROR] SunriseSunset.GetSunTimes: 获取日出日落时间失败: (0x80072EFE) 
与服务器的连接意外终止

Source:	WinHttp.WinHttpRequest
20250610094900 [ERROR] SunriseSunset.CheckAndSwitchTheme: 无法获取日出日落时间
20250610221640 [ERROR] SunriseSunset.GetSunTimes: 获取日出日落时间失败: (0x80072EE7) 
无法解析服务器的名称或地址

Source:	WinHttp.WinHttpRequest
20250610221640 [ERROR] SunriseSunset.CheckAndSwitchTheme: 无法获取日出日落时间
20250610222201 [ERROR] SunriseSunset.GetSunTimes: 获取日出日落时间失败: (0x80072EE2) 
操作超时

Source:	WinHttp.WinHttpRequest
20250610222201 [ERROR] SunriseSunset.CheckAndSwitchTheme: 无法获取日出日落时间
20250611091530 [ERROR] SunriseSunset.GetSunTimes: 获取日出日落时间失败: (0x80072EE7) 
无法解析服务器的名称或地址

Source:	WinHttp.WinHttpRequest
20250611091530 [ERROR] SunriseSunset.CheckAndSwitchTheme: 无法获取日出日落时间
20250611221007 [ERROR] SunriseSunset.GetSunTimes: 获取日出日落时间失败: (0x80072EE7) 
无法解析服务器的名称或地址

Source:	WinHttp.WinHttpRequest
20250611221007 [ERROR] SunriseSunset.CheckAndSwitchTheme: 无法获取日出日落时间
20250612082649 [ERROR] SunriseSunset.GetSunTimes: 获取日出日落时间失败: (0x80072EE2) 
操作超时

Source:	WinHttp.WinHttpRequest
20250612082649 [ERROR] SunriseSunset.CheckAndSwitchTheme: 无法获取日出日落时间
20250612091941 [ERROR] SunriseSunset.GetSunTimes: 获取日出日落时间失败: (0x80072EE7) 
无法解析服务器的名称或地址

Source:	WinHttp.WinHttpRequest
20250612091941 [ERROR] SunriseSunset.CheckAndSwitchTheme: 无法获取日出日落时间
20250612220856 [ERROR] SunriseSunset.GetSunTimes: 获取日出日落时间失败: (0x80072EE7) 
无法解析服务器的名称或地址

Source:	WinHttp.WinHttpRequest
20250612220856 [ERROR] SunriseSunset.CheckAndSwitchTheme: 无法获取日出日落时间
20250613081533 [ERROR] SunriseSunset.GetSunTimes: 获取日出日落时间失败: (0x80072EE2) 
操作超时

Source:	WinHttp.WinHttpRequest
20250613081533 [ERROR] SunriseSunset.CheckAndSwitchTheme: 无法获取日出日落时间
20250613090103 [ERROR] SunriseSunset.GetSunTimes: 获取日出日落时间失败: (0x80072EE7) 
无法解析服务器的名称或地址

Source:	WinHttp.WinHttpRequest
20250613090103 [ERROR] SunriseSunset.CheckAndSwitchTheme: 无法获取日出日落时间
